f:\subject\python\python-homework-open-source-project\easyx graphics library for python\easyx graphics library for python\x64\release\easyx graphics library for python.pch
f:\subject\python\python-homework-open-source-project\easyx graphics library for python\easyx graphics library for python\x64\release\vc143.pdb
f:\subject\python\python-homework-open-source-project\easyx graphics library for python\easyx graphics library for python\x64\release\pch.obj
f:\subject\python\python-homework-open-source-project\easyx graphics library for python\easyx graphics library for python\x64\release\easyxgraphicsfunction.obj
f:\subject\python\python-homework-open-source-project\easyx graphics library for python\easyx graphics library for python\x64\release\dllmain.obj
f:\subject\python\python-homework-open-source-project\easyx graphics library for python\easyx graphics library for python\x64\release\cuda.cu.obj
f:\subject\python\python-homework-open-source-project\easyx graphics library for python\x64\release\easyx graphics library for python.lib
f:\subject\python\python-homework-open-source-project\easyx graphics library for python\x64\release\easyx graphics library for python.exp
f:\subject\python\python-homework-open-source-project\easyx graphics library for python\x64\release\easyx graphics library for python.dll
f:\subject\python\python-homework-open-source-project\easyx graphics library for python\easyx graphics library for python\x64\release\easyx graphics library for python.ipdb
f:\subject\python\python-homework-open-source-project\easyx graphics library for python\x64\release\easyx graphics library for python.pdb
f:\subject\python\python-homework-open-source-project\easyx graphics library for python\easyx graphics library for python\x64\release\easyx graphics library for python.iobj
f:\subject\python\python-homework-open-source-project\easyx graphics library for python\easyx graphics library for python\x64\release\cuda.cu.cache
f:\subject\python\python-homework-open-source-project\easyx graphics library for python\easyx graphics library for python\x64\release\easyx gr.18610e17.tlog\cl.command.1.tlog
f:\subject\python\python-homework-open-source-project\easyx graphics library for python\easyx graphics library for python\x64\release\easyx gr.18610e17.tlog\cl.read.1.tlog
f:\subject\python\python-homework-open-source-project\easyx graphics library for python\easyx graphics library for python\x64\release\easyx gr.18610e17.tlog\cl.write.1.tlog
f:\subject\python\python-homework-open-source-project\easyx graphics library for python\easyx graphics library for python\x64\release\easyx gr.18610e17.tlog\cudacompile.read.1u.tlog
f:\subject\python\python-homework-open-source-project\easyx graphics library for python\easyx graphics library for python\x64\release\easyx gr.18610e17.tlog\cudacompile.write.1u.tlog
f:\subject\python\python-homework-open-source-project\easyx graphics library for python\easyx graphics library for python\x64\release\easyx gr.18610e17.tlog\easyx graphics library for python.write.1u.tlog
f:\subject\python\python-homework-open-source-project\easyx graphics library for python\easyx graphics library for python\x64\release\easyx gr.18610e17.tlog\link.command.1.tlog
f:\subject\python\python-homework-open-source-project\easyx graphics library for python\easyx graphics library for python\x64\release\easyx gr.18610e17.tlog\link.read.1.tlog
f:\subject\python\python-homework-open-source-project\easyx graphics library for python\easyx graphics library for python\x64\release\easyx gr.18610e17.tlog\link.write.1.tlog
